<?xml version="1.0" encoding="UTF-8"?>
<testsuite xmlns:xsi="http://www.w3.org/2001/XMLSchema-instance" xsi:noNamespaceSchemaLocation="https://maven.apache.org/surefire/maven-surefire-plugin/xsd/surefire-test-report.xsd" name="LogInTest" time="47.377" tests="1" errors="1" skipped="0" failures="0">
  <properties>
[...]
</properties>
  <testcase name="LogInTest" classname="LogInTest" time="47.357">
    <error message="Index 9 out of bounds for length 1" type="java.lang.IndexOutOfBoundsException">java.lang.IndexOutOfBoundsException: Index 9 out of bounds for length 1
</error>
    <system-out><![CDATA[
 +-------------------------------------------------------------------------------+
 | WARNING:                                                                      |
 | The junit-platform-surefire-provider has been deprecated and is scheduled to  |
 | be removed in JUnit Platform 1.4. Please use the built-in support in Maven    |
 | Surefire >= 2.22.0 instead.                                                   |
 | » https://junit.org/junit5/docs/current/user-guide/#running-tests-build-maven |
 +-------------------------------------------------------------------------------+

Size of list = 24
Size of list = 1
]]></system-out>
    <system-err><![CDATA[Sept 18, 2023 7:35:56 PM org.openqa.selenium.remote.RemoteWebDriver checkNonW3CCapabilities
WARNING: Support for Legacy Capabilities is deprecated; You are sending the following invalid capabilities: [os]; Please update to W3C Syntax: https://www.selenium.dev/blog/2022/legacy-protocol-support/
1695058556669	geckodriver	INFO	Listening on 127.0.0.1:23823
1695058557103	mozrunner::runner	INFO	Running command: MOZ_CRASHREPORTER="1" MOZ_CRASHREPORTER_NO_REPORT="1" MOZ_CRASHREPORTER_SHUTDOWN="1" MOZ_NO_REMOTE="1" "/App ... /[::1]:23611/" "-foreground" "-no-remote" "-profile" "/var/folders/bj/xh9_f41d7pnfnfsp3df1hdv00000gn/T/rust_mozprofileTQJOJj"
console.warn: services.settings: Ignoring preference override of remote settings server
console.warn: services.settings: Allow by setting MOZ_REMOTE_SETTINGS_DEVTOOLS=1 in the environment
1695058557788	Marionette	INFO	Marionette enabled
console.error: "Warning: unrecognized command line flag" "-remote-allow-hosts"
console.error: "Warning: unrecognized command line flag" "-remote-allow-origins"
1695058558001	Marionette	INFO	Listening on port 53672
Read port: 53672
WebDriver BiDi listening on ws://127.0.0.1:23611
1695058558269	RemoteAgent	WARN	TLS certificate errors will be ignored for this session
DevTools listening on ws://127.0.0.1:23611/devtools/browser/d988e161-0248-44e6-9dda-305ee101310d
Sept 18, 2023 7:36:00 PM org.openqa.selenium.remote.ProtocolHandshake createSession
WARNING: Support for Legacy Capabilities is deprecated; You are sending the following invalid capabilities: [os]; Please update to W3C Syntax: https://www.selenium.dev/blog/2022/legacy-protocol-support/
JavaScript warning: https://www.amazon.com/ line 1941 > injectedScript, line 1: WEBGL_debug_renderer_info is deprecated in Firefox and will be removed. Please use RENDERER.
JavaScript warning: https://www.amazon.com/, line 1981: WEBGL_debug_renderer_info is deprecated in Firefox and will be removed. Please use RENDERER.
console.warn: LoginRecipes: "Falling back to a synchronous message for: https://www.amazon.com."
JavaScript error: , line 0: uncaught exception: 
JavaScript error: , line 0: uncaught exception: 
JavaScript error: , line 0: uncaught exception: 
JavaScript error: , line 0: uncaught exception: 
JavaScript error: , line 0: uncaught exception: 
JavaScript error: , line 0: uncaught exception: 
JavaScript error: , line 0: uncaught exception: 
JavaScript error: , line 0: uncaught exception: 
JavaScript error: , line 0: uncaught exception: 
JavaScript warning: https://www.amazon.com/s?k=Samsung&ref=nb_sb_noss line 12907 > injectedScript, line 1: WEBGL_debug_renderer_info is deprecated in Firefox and will be removed. Please use RENDERER.
JavaScript warning: https://www.amazon.com/s?k=Samsung&ref=nb_sb_noss, line 12947: WEBGL_debug_renderer_info is deprecated in Firefox and will be removed. Please use RENDERER.
JavaScript error: , line 0: uncaught exception: 
JavaScript warning: https://images-na.ssl-images-amazon.com/images/S/apesafeframe/ape/sf/desktop/sf-1.50.41abdbbb.js, line 1: Script terminated by timeout at:
eR/this.sendAdBarTrace@https://images-na.ssl-images-amazon.com/images/S/apesafeframe/ape/sf/desktop/sf-1.50.41abdbbb.js:1:16553
Q@https://images-na.ssl-images-amazon.com/images/S/apesafeframe/ape/sf/desktop/sf-1.50.41abdbbb.js:1:4731

JavaScript warning: https://www.amazon.com/SAMSUNG-SM-A145P-Factory-Unlocked-International/dp/B0BTZ9XHG9/ref=sr_1_10?keywords=Samsung&qid=1695058563&sr=8-10 line 10421 > injectedScript, line 1: WEBGL_debug_renderer_info is deprecated in Firefox and will be removed. Please use RENDERER.
JavaScript warning: https://www.amazon.com/SAMSUNG-SM-A145P-Factory-Unlocked-International/dp/B0BTZ9XHG9/ref=sr_1_10?keywords=Samsung&qid=1695058563&sr=8-10, line 10461: WEBGL_debug_renderer_info is deprecated in Firefox and will be removed. Please use RENDERER.
console.warn: LoginRecipes: "Falling back to a synchronous message for: https://www.amazon.com."
JavaScript error: , line 0: uncaught exception: 
JavaScript warning: https://m.media-amazon.com/images/I/9104y3jB3cL.js, line 2: Script terminated by timeout at:
p@https://m.media-amazon.com/images/I/9104y3jB3cL.js:2:34490
m@https://m.media-amazon.com/images/I/9104y3jB3cL.js:2:34685
M/<@https://m.media-amazon.com/images/I/9104y3jB3cL.js:2:36042
M@https://m.media-amazon.com/images/I/9104y3jB3cL.js:2:36002
r@https://m.media-amazon.com/images/I/9104y3jB3cL.js:2:36116
Mt@https://m.media-amazon.com/images/I/714nITfCSzL.js:2:49221
Cc@https://m.media-amazon.com/images/I/714nITfCSzL.js:2:129090
Il@https://m.media-amazon.com/images/I/714nITfCSzL.js:2:94369
Ol@https://m.media-amazon.com/images/I/714nITfCSzL.js:2:94193
Fl@https://m.media-amazon.com/images/I/714nITfCSzL.js:2:94049
xl@https://m.media-amazon.com/images/I/714nITfCSzL.js:2:88676
v@https://m.media-amazon.com/images/I/31OyASKbVLL.js:2:3386
ce@https://m.media-amazon.com/images/I/31OyASKbVLL.js:2:5527

JavaScript warning: https://www.amazon.com/cart/add-to-cart/ref=dp_start-bbf_1_glance line 3229 > injectedScript, line 1: WEBGL_debug_renderer_info is deprecated in Firefox and will be removed. Please use RENDERER.
JavaScript warning: https://www.amazon.com/cart/add-to-cart/ref=dp_start-bbf_1_glance, line 3269: WEBGL_debug_renderer_info is deprecated in Firefox and will be removed. Please use RENDERER.
JavaScript warning: https://www.amazon.com/cart?ref_=sw_gtc line 5220 > injectedScript, line 1: WEBGL_debug_renderer_info is deprecated in Firefox and will be removed. Please use RENDERER.
JavaScript warning: https://www.amazon.com/cart?ref_=sw_gtc, line 5260: WEBGL_debug_renderer_info is deprecated in Firefox and will be removed. Please use RENDERER.
JavaScript warning: https://images-na.ssl-images-amazon.com/images/I/71MAim2c5KL._RC|41bVwdNgZLL.js_.js?AUIClients/InContextAuthBaseAssets, line 298: WEBGL_debug_renderer_info is deprecated in Firefox and will be removed. Please use RENDERER.
1695058600355	RemoteAgent	INFO	Perform WebSocket upgrade for incoming connection from 127.0.0.1:53999
1695058600365	CDP	WARN	Invalid browser preferences for CDP. Set "fission.webContentIsolationStrategy"to 0 and "fission.bfcacheInParent" to false before Firefox starts.
1695058600463	Marionette	INFO	Stopped listening on port 53672
JavaScript warning: https://www.amazon.com/s?k=samsung&crid=3N6NEHO21J6LF&sprefix=%2Caps%2C163&ref=nb_sb_ss_recent_1_0_recent line 13024 > injectedScript, line 1: WEBGL_debug_renderer_info is deprecated in Firefox and will be removed. Please use RENDERER.
JavaScript warning: https://www.amazon.com/s?k=samsung&crid=3N6NEHO21J6LF&sprefix=%2Caps%2C163&ref=nb_sb_ss_recent_1_0_recent, line 13064: WEBGL_debug_renderer_info is deprecated in Firefox and will be removed. Please use RENDERER.
]]></system-err>
  </testcase>
</testsuite>